2024-05-04 11:18:54,180 [Worker-2: Loading available Gradle versions] INFO  o.e.b.c.i.u.g.PublishedGradleVersions - Gradle version information cache is out-of-date. Trying to update.
2024-05-04 11:52:27,299 [Worker-15: Update Maven projects configuration] INFO  o.e.m.c.i.p.ProjectConfigurationManager - Update started
2024-05-04 11:52:29,216 [Worker-15: Update Maven projects configuration] INFO  o.e.m.c.i.l.LifecycleMappingFactory - Using org.eclipse.m2e.jdt.JarLifecycleMapping lifecycle mapping for MavenProject: com.centroinformacion:ProyectoDAWIIBackend:0.0.1-SNAPSHOT @ C:\Users\SUITE\git\DAWI-2024-BackEnd-SimulacroPC1-Solucion_\pom.xml.
2024-05-04 11:52:30,781 [Worker-15: Update Maven projects configuration] INFO  o.e.m.j.i.AbstractJavaProjectConfigurator - Adding source folder /DAWI-2024-BackEnd-SimulacroPC1-Solucion_/src/main/java
2024-05-04 11:52:30,784 [Worker-15: Update Maven projects configuration] INFO  o.e.m.j.i.AbstractJavaProjectConfigurator - Adding resource folder /DAWI-2024-BackEnd-SimulacroPC1-Solucion_/src/main/resources
2024-05-04 11:52:30,792 [Worker-15: Update Maven projects configuration] INFO  o.e.m.j.i.AbstractJavaProjectConfigurator - Adding resource folder /DAWI-2024-BackEnd-SimulacroPC1-Solucion_/src/main/resources
2024-05-04 11:52:30,803 [Worker-15: Update Maven projects configuration] INFO  o.e.m.j.i.AbstractJavaProjectConfigurator - Adding source folder /DAWI-2024-BackEnd-SimulacroPC1-Solucion_/src/test/java
2024-05-04 11:52:30,805 [Worker-15: Update Maven projects configuration] INFO  o.e.m.j.i.AbstractJavaProjectConfigurator - Adding resource folder /DAWI-2024-BackEnd-SimulacroPC1-Solucion_/src/test/resources
2024-05-04 11:52:33,482 [Worker-15: Update Maven projects configuration] INFO  o.e.m.c.i.p.ProjectConfigurationManager - Update completed for 1 poms: local refresh takes 0,00 sec, refresh facades takes 3,00 sec, update config takes 2,00 sec 
2024-05-04 11:52:34,836 [Worker-16: Building] INFO  o.a.m.s.f.DefaultMavenResourcesFiltering - Copying 1 resource from src\main\resources to target\classes
2024-05-04 11:52:34,868 [Worker-16: Building] INFO  o.a.m.s.f.DefaultMavenResourcesFiltering - Copying 0 resource from src\main\resources to target\classes
2024-05-04 11:52:34,881 [Worker-16: Building] INFO  o.a.m.s.f.DefaultMavenResourcesFiltering - skip non existing resourceDirectory C:\Users\SUITE\git\DAWI-2024-BackEnd-SimulacroPC1-Solucion_\src\test\resources
2024-05-04 11:59:16,030 [Worker-21: Building] INFO  o.a.m.s.f.DefaultMavenResourcesFiltering - Copying 1 resource from src\main\resources to target\classes
2024-05-04 11:59:16,038 [Worker-21: Building] INFO  o.a.m.s.f.DefaultMavenResourcesFiltering - Copying 0 resource from src\main\resources to target\classes
2024-05-04 11:59:16,043 [Worker-21: Building] INFO  o.a.m.s.f.DefaultMavenResourcesFiltering - skip non existing resourceDirectory C:\Users\SUITE\git\DAWI-2024-BackEnd-SimulacroPC1-Solucion_\src\test\resources
2024-05-04 12:02:37,390 [Worker-17: Launching DAWI-2024-BackEnd-SimulacroPC1-Solucion_ - ProyectoDawiiBackendApplication] INFO  o.a.m.s.f.DefaultMavenResourcesFiltering - Copying 1 resource from src\main\resources to target\classes
2024-05-04 12:02:37,393 [Worker-17: Launching DAWI-2024-BackEnd-SimulacroPC1-Solucion_ - ProyectoDawiiBackendApplication] INFO  o.a.m.s.f.DefaultMavenResourcesFiltering - Copying 0 resource from src\main\resources to target\classes
2024-05-04 12:02:37,397 [Worker-17: Launching DAWI-2024-BackEnd-SimulacroPC1-Solucion_ - ProyectoDawiiBackendApplication] INFO  o.a.m.s.f.DefaultMavenResourcesFiltering - skip non existing resourceDirectory C:\Users\SUITE\git\DAWI-2024-BackEnd-SimulacroPC1-Solucion_\src\test\resources
2024-05-04 12:03:25,296 [Worker-21: Building] INFO  o.a.m.s.f.DefaultMavenResourcesFiltering - Copying 1 resource from src\main\resources to target\classes
2024-05-04 12:03:25,299 [Worker-21: Building] INFO  o.a.m.s.f.DefaultMavenResourcesFiltering - Copying 0 resource from src\main\resources to target\classes
2024-05-04 12:03:25,302 [Worker-21: Building] INFO  o.a.m.s.f.DefaultMavenResourcesFiltering - skip non existing resourceDirectory C:\Users\SUITE\git\DAWI-2024-BackEnd-SimulacroPC1-Solucion_\src\test\resources
2024-05-04 12:04:06,779 [Worker-22: Launching DAWI-2024-BackEnd-SimulacroPC1-Solucion_ - ProyectoDawiiBackendApplication] INFO  o.a.m.s.f.DefaultMavenResourcesFiltering - Copying 1 resource from src\main\resources to target\classes
2024-05-04 12:04:06,782 [Worker-22: Launching DAWI-2024-BackEnd-SimulacroPC1-Solucion_ - ProyectoDawiiBackendApplication] INFO  o.a.m.s.f.DefaultMavenResourcesFiltering - Copying 0 resource from src\main\resources to target\classes
2024-05-04 12:04:06,784 [Worker-22: Launching DAWI-2024-BackEnd-SimulacroPC1-Solucion_ - ProyectoDawiiBackendApplication] INFO  o.a.m.s.f.DefaultMavenResourcesFiltering - skip non existing resourceDirectory C:\Users\SUITE\git\DAWI-2024-BackEnd-SimulacroPC1-Solucion_\src\test\resources
2024-05-04 12:04:41,191 [Worker-21: Launching DAWI-2024-BackEnd-SimulacroPC1-Solucion_ - ProyectoDawiiBackendApplication] INFO  o.a.m.s.f.DefaultMavenResourcesFiltering - Copying 1 resource from src\main\resources to target\classes
2024-05-04 12:04:41,194 [Worker-21: Launching DAWI-2024-BackEnd-SimulacroPC1-Solucion_ - ProyectoDawiiBackendApplication] INFO  o.a.m.s.f.DefaultMavenResourcesFiltering - Copying 0 resource from src\main\resources to target\classes
2024-05-04 12:04:41,198 [Worker-21: Launching DAWI-2024-BackEnd-SimulacroPC1-Solucion_ - ProyectoDawiiBackendApplication] INFO  o.a.m.s.f.DefaultMavenResourcesFiltering - skip non existing resourceDirectory C:\Users\SUITE\git\DAWI-2024-BackEnd-SimulacroPC1-Solucion_\src\test\resources
2024-05-04 12:05:04,355 [Worker-22: Launching DAWI-2024-BackEnd-SimulacroPC1-Solucion_ - ProyectoDawiiBackendApplication] INFO  o.a.m.s.f.DefaultMavenResourcesFiltering - Copying 1 resource from src\main\resources to target\classes
2024-05-04 12:05:04,359 [Worker-22: Launching DAWI-2024-BackEnd-SimulacroPC1-Solucion_ - ProyectoDawiiBackendApplication] INFO  o.a.m.s.f.DefaultMavenResourcesFiltering - Copying 0 resource from src\main\resources to target\classes
2024-05-04 12:05:04,363 [Worker-22: Launching DAWI-2024-BackEnd-SimulacroPC1-Solucion_ - ProyectoDawiiBackendApplication] INFO  o.a.m.s.f.DefaultMavenResourcesFiltering - skip non existing resourceDirectory C:\Users\SUITE\git\DAWI-2024-BackEnd-SimulacroPC1-Solucion_\src\test\resources
2024-05-04 12:21:00,372 [Worker-30: Building] INFO  o.a.m.s.f.DefaultMavenResourcesFiltering - Copying 1 resource from src\main\resources to target\classes
2024-05-04 12:21:00,377 [Worker-30: Building] INFO  o.a.m.s.f.DefaultMavenResourcesFiltering - Copying 0 resource from src\main\resources to target\classes
2024-05-04 12:21:00,381 [Worker-30: Building] INFO  o.a.m.s.f.DefaultMavenResourcesFiltering - skip non existing resourceDirectory C:\Users\SUITE\git\DAWI-2024-BackEnd-SimulacroPC1-Solucion_\src\test\resources
2024-05-04 12:31:30,602 [Worker-34: Launching DAWI-2024-BackEnd-SimulacroPC1-Solucion_ - ProyectoDawiiBackendApplication] INFO  o.a.m.s.f.DefaultMavenResourcesFiltering - Copying 1 resource from src\main\resources to target\classes
2024-05-04 12:31:30,618 [Worker-34: Launching DAWI-2024-BackEnd-SimulacroPC1-Solucion_ - ProyectoDawiiBackendApplication] INFO  o.a.m.s.f.DefaultMavenResourcesFiltering - Copying 0 resource from src\main\resources to target\classes
2024-05-04 12:31:30,621 [Worker-34: Launching DAWI-2024-BackEnd-SimulacroPC1-Solucion_ - ProyectoDawiiBackendApplication] INFO  o.a.m.s.f.DefaultMavenResourcesFiltering - skip non existing resourceDirectory C:\Users\SUITE\git\DAWI-2024-BackEnd-SimulacroPC1-Solucion_\src\test\resources
2024-05-04 12:34:25,040 [Worker-40: Launching DAWI-2024-BackEnd-SimulacroPC1-Solucion_ - ProyectoDawiiBackendApplication] INFO  o.a.m.s.f.DefaultMavenResourcesFiltering - Copying 1 resource from src\main\resources to target\classes
2024-05-04 12:34:25,071 [Worker-40: Launching DAWI-2024-BackEnd-SimulacroPC1-Solucion_ - ProyectoDawiiBackendApplication] INFO  o.a.m.s.f.DefaultMavenResourcesFiltering - Copying 0 resource from src\main\resources to target\classes
2024-05-04 12:34:25,074 [Worker-40: Launching DAWI-2024-BackEnd-SimulacroPC1-Solucion_ - ProyectoDawiiBackendApplication] INFO  o.a.m.s.f.DefaultMavenResourcesFiltering - skip non existing resourceDirectory C:\Users\SUITE\git\DAWI-2024-BackEnd-SimulacroPC1-Solucion_\src\test\resources
2024-05-04 12:39:31,866 [Worker-43: Building] INFO  o.a.m.s.f.DefaultMavenResourcesFiltering - Copying 1 resource from src\main\resources to target\classes
2024-05-04 12:39:31,876 [Worker-43: Building] INFO  o.a.m.s.f.DefaultMavenResourcesFiltering - Copying 0 resource from src\main\resources to target\classes
2024-05-04 12:39:31,880 [Worker-43: Building] INFO  o.a.m.s.f.DefaultMavenResourcesFiltering - skip non existing resourceDirectory C:\Users\SUITE\git\DAWI-2024-BackEnd-SimulacroPC1-Solucion_\src\test\resources
2024-05-04 12:42:54,286 [Worker-50: Building] INFO  o.a.m.s.f.DefaultMavenResourcesFiltering - Copying 1 resource from src\main\resources to target\classes
2024-05-04 12:42:54,291 [Worker-50: Building] INFO  o.a.m.s.f.DefaultMavenResourcesFiltering - Copying 0 resource from src\main\resources to target\classes
2024-05-04 12:42:54,294 [Worker-50: Building] INFO  o.a.m.s.f.DefaultMavenResourcesFiltering - skip non existing resourceDirectory C:\Users\SUITE\git\DAWI-2024-BackEnd-SimulacroPC1-Solucion_\src\test\resources
2024-05-04 12:47:16,967 [Worker-47: Building] INFO  o.a.m.s.f.DefaultMavenResourcesFiltering - Copying 1 resource from src\main\resources to target\classes
2024-05-04 12:47:16,970 [Worker-47: Building] INFO  o.a.m.s.f.DefaultMavenResourcesFiltering - Copying 0 resource from src\main\resources to target\classes
2024-05-04 12:47:16,972 [Worker-47: Building] INFO  o.a.m.s.f.DefaultMavenResourcesFiltering - skip non existing resourceDirectory C:\Users\SUITE\git\DAWI-2024-BackEnd-SimulacroPC1-Solucion_\src\test\resources
2024-05-04 13:01:40,598 [Worker-52: Building] INFO  o.a.m.s.f.DefaultMavenResourcesFiltering - Copying 1 resource from src\main\resources to target\classes
2024-05-04 13:01:40,604 [Worker-52: Building] INFO  o.a.m.s.f.DefaultMavenResourcesFiltering - Copying 0 resource from src\main\resources to target\classes
2024-05-04 13:01:40,608 [Worker-52: Building] INFO  o.a.m.s.f.DefaultMavenResourcesFiltering - skip non existing resourceDirectory C:\Users\SUITE\git\DAWI-2024-BackEnd-SimulacroPC1-Solucion_\src\test\resources
2024-05-04 13:01:55,439 [Worker-58: Building] INFO  o.a.m.s.f.DefaultMavenResourcesFiltering - Copying 1 resource from src\main\resources to target\classes
2024-05-04 13:01:55,445 [Worker-58: Building] INFO  o.a.m.s.f.DefaultMavenResourcesFiltering - Copying 0 resource from src\main\resources to target\classes
2024-05-04 13:01:55,448 [Worker-58: Building] INFO  o.a.m.s.f.DefaultMavenResourcesFiltering - skip non existing resourceDirectory C:\Users\SUITE\git\DAWI-2024-BackEnd-SimulacroPC1-Solucion_\src\test\resources
